2026-06-12 10:51:45,525 [WARNING] ACCESS_DB_PATHが存在しないため、メタJSONのAccess DBパスを使用します
2026-06-12 10:51:47,111 [INFO] 移行開始: t_Excel現品票履歴 -> excel_product_slip_history
2026-06-12 10:51:49,513 [INFO] 移行完了: t_Excel現品票履歴 Access=33987 PostgreSQL=33987
2026-06-12 10:51:49,518 [INFO] 移行開始: t_チェックシートリスト -> check_sheet_list
2026-06-12 10:51:49,551 [INFO] 移行完了: t_チェックシートリスト Access=119 PostgreSQL=119
2026-06-12 10:51:49,557 [INFO] 移行開始: t_不具合情報 -> defect_information
2026-06-12 10:52:20,235 [INFO] 移行完了: t_不具合情報 Access=155700 PostgreSQL=155706
2026-06-12 10:52:20,240 [INFO] 移行開始: t_外観検査記録 -> appearance_inspection_records
2026-06-12 10:52:24,818 [INFO] 移行完了: t_外観検査記録 Access=68820 PostgreSQL=68838
2026-06-12 10:52:24,830 [INFO] 移行開始: t_外観検査記録保存 -> appearance_inspection_record_archives
2026-06-12 10:52:41,694 [INFO] 移行完了: t_外観検査記録保存 Access=225171 PostgreSQL=225171
2026-06-12 10:52:41,701 [INFO] 移行開始: t_外観検査集計 -> appearance_inspection_summaries
2026-06-12 10:52:44,897 [INFO] 移行完了: t_外観検査集計 Access=51450 PostgreSQL=51467
2026-06-12 10:52:44,897 [INFO] 移行開始: t_外観検査集計保存 -> appearance_inspection_summary_archives
2026-06-12 10:52:52,830 [INFO] 移行完了: t_外観検査集計保存 Access=171580 PostgreSQL=171580
2026-06-12 10:52:52,830 [INFO] 移行開始: t_工程マスタ -> process_master
2026-06-12 10:52:52,865 [INFO] 移行完了: t_工程マスタ Access=10 PostgreSQL=10
2026-06-12 10:52:52,871 [INFO] 移行開始: t_数値検査員マスタ -> numeric_inspector_master
2026-06-12 10:52:52,882 [INFO] 移行完了: t_数値検査員マスタ Access=14 PostgreSQL=14
2026-06-12 10:52:52,893 [INFO] 移行開始: t_数値検査記録 -> numeric_inspection_records
2026-06-12 10:52:53,892 [INFO] 移行完了: t_数値検査記録 Access=25906 PostgreSQL=25906
2026-06-12 10:52:53,897 [INFO] 移行開始: t_検査中 -> inspection_in_progress
2026-06-12 10:52:53,925 [INFO] 移行完了: t_検査中 Access=59 PostgreSQL=59
2026-06-12 10:52:53,931 [INFO] 移行開始: t_検査員マスタ -> inspector_master
2026-06-12 10:52:53,967 [INFO] 移行完了: t_検査員マスタ Access=76 PostgreSQL=76
2026-06-12 10:52:53,967 [INFO] 移行開始: t_検査者マスタ -> inspection_person_master
2026-06-12 10:52:53,999 [INFO] 移行完了: t_検査者マスタ Access=72 PostgreSQL=72
2026-06-12 10:54:00,351 [WARNING] ACCESS_DB_PATHが存在しないため、メタJSONのAccess DBパスを使用します
2026-06-12 10:54:01,802 [INFO] 件数確認: t_Excel現品票履歴 Access=33987 PostgreSQL=33987
2026-06-12 10:54:01,864 [INFO] 件数確認: t_チェックシートリスト Access=119 PostgreSQL=119
2026-06-12 10:54:03,182 [INFO] 件数確認: t_不具合情報 Access=155706 PostgreSQL=155706
2026-06-12 10:54:03,999 [INFO] 件数確認: t_外観検査記録 Access=68838 PostgreSQL=68838
2026-06-12 10:54:04,444 [INFO] 件数確認: t_外観検査記録保存 Access=225171 PostgreSQL=225171
2026-06-12 10:54:04,767 [INFO] 件数確認: t_外観検査集計 Access=51467 PostgreSQL=51467
2026-06-12 10:54:05,030 [INFO] 件数確認: t_外観検査集計保存 Access=171580 PostgreSQL=171580
2026-06-12 10:54:05,052 [INFO] 件数確認: t_工程マスタ Access=10 PostgreSQL=10
2026-06-12 10:54:05,087 [INFO] 件数確認: t_数値検査員マスタ Access=14 PostgreSQL=14
2026-06-12 10:54:05,500 [INFO] 件数確認: t_数値検査記録 Access=25906 PostgreSQL=25906
2026-06-12 10:54:05,541 [INFO] 件数確認: t_検査中 Access=59 PostgreSQL=59
2026-06-12 10:54:05,573 [INFO] 件数確認: t_検査員マスタ Access=76 PostgreSQL=76
2026-06-12 10:54:05,612 [INFO] 件数確認: t_検査者マスタ Access=72 PostgreSQL=72
2026-06-12 10:54:27,554 [WARNING] ACCESS_DB_PATHが存在しないため、メタJSONのAccess DBパスを使用します
2026-06-12 10:54:28,689 [INFO] 件数確認: t_Excel現品票履歴 Access=33987 PostgreSQL=33987
2026-06-12 10:54:28,733 [INFO] 件数確認: t_チェックシートリスト Access=119 PostgreSQL=119
2026-06-12 10:54:29,406 [INFO] 件数確認: t_不具合情報 Access=155706 PostgreSQL=155706
2026-06-12 10:54:30,030 [INFO] 件数確認: t_外観検査記録 Access=68838 PostgreSQL=68838
2026-06-12 10:54:30,362 [INFO] 件数確認: t_外観検査記録保存 Access=225171 PostgreSQL=225171
2026-06-12 10:54:30,614 [INFO] 件数確認: t_外観検査集計 Access=51467 PostgreSQL=51467
2026-06-12 10:54:30,860 [INFO] 件数確認: t_外観検査集計保存 Access=171580 PostgreSQL=171580
2026-06-12 10:54:30,882 [INFO] 件数確認: t_工程マスタ Access=10 PostgreSQL=10
2026-06-12 10:54:30,925 [INFO] 件数確認: t_数値検査員マスタ Access=14 PostgreSQL=14
2026-06-12 10:54:31,215 [INFO] 件数確認: t_数値検査記録 Access=25906 PostgreSQL=25906
2026-06-12 10:54:31,232 [INFO] 件数確認: t_検査中 Access=59 PostgreSQL=59
2026-06-12 10:54:31,283 [INFO] 件数確認: t_検査員マスタ Access=76 PostgreSQL=76
2026-06-12 10:54:31,311 [INFO] 件数確認: t_検査者マスタ Access=72 PostgreSQL=72
2026-06-12 12:02:39,092 [WARNING] ACCESS_DB_PATHが存在しないため、メタJSONのAccess DBパスを使用します
2026-06-12 12:02:39,857 [INFO] 件数確認: t_Excel現品票履歴 Access=33987 PostgreSQL=33987
2026-06-12 12:02:39,888 [INFO] 件数確認: t_チェックシートリスト Access=119 PostgreSQL=119
2026-06-12 12:02:40,422 [INFO] 件数確認: t_不具合情報 Access=155725 PostgreSQL=155706
2026-06-12 12:02:40,832 [INFO] 件数確認: t_外観検査記録 Access=68864 PostgreSQL=68838
2026-06-12 12:02:41,153 [INFO] 件数確認: t_外観検査記録保存 Access=225171 PostgreSQL=225171
2026-06-12 12:02:41,323 [INFO] 件数確認: t_外観検査集計 Access=51493 PostgreSQL=51467
2026-06-12 12:02:41,489 [INFO] 件数確認: t_外観検査集計保存 Access=171580 PostgreSQL=171580
2026-06-12 12:02:41,510 [INFO] 件数確認: t_工程マスタ Access=10 PostgreSQL=10
2026-06-12 12:02:41,523 [INFO] 件数確認: t_数値検査員マスタ Access=14 PostgreSQL=14
2026-06-12 12:02:41,806 [INFO] 件数確認: t_数値検査記録 Access=25906 PostgreSQL=25906
2026-06-12 12:02:41,821 [INFO] 件数確認: t_検査中 Access=59 PostgreSQL=59
2026-06-12 12:02:41,838 [INFO] 件数確認: t_検査員マスタ Access=76 PostgreSQL=76
2026-06-12 12:02:41,854 [INFO] 件数確認: t_検査者マスタ Access=72 PostgreSQL=72
